<?xml version="1.0" encoding="UTF-8"?>
<!-- Generated by org.testng.reporters.JUnitReportReporter -->
<testsuite hostname="DESKTOP-DQ83L3T" failures="0" tests="1" name="requestchaining.PostDelete" time="2.869" errors="0" timestamp="2022-10-06T15:43:12 IST" skipped="0">
  <testcase classname="requestchaining.PostDelete" name="postDelete" time="2.869"/>
  <system-out/>
</testsuite> <!-- requestchaining.PostDelete -->
