<?xml version="1.0" encoding="UTF-8"?>
<!-- Generated by org.testng.reporters.JUnitReportReporter -->
<testsuite hostname="DESKTOP-DQ83L3T" failures="0" tests="1" name="requestchaining.GetPut" time="2.632" errors="0" timestamp="2022-10-10T16:57:31 IST" skipped="0">
  <testcase classname="requestchaining.GetPut" name="getPut" time="2.632"/>
  <system-out/>
</testsuite> <!-- requestchaining.GetPut -->
