<?xml version="1.0" encoding="UTF-8"?>
<!-- Generated by org.testng.reporters.JUnitReportReporter -->
<testsuite hostname="DESKTOP-DQ83L3T" failures="0" tests="1" name="crudwithoutBDD.GetAllProjects" time="1.761" errors="0" timestamp="2022-09-28T13:13:03 IST" skipped="0">
  <testcase classname="crudwithoutBDD.GetAllProjects" name="getAllProjects" time="1.761"/>
  <system-out/>
</testsuite> <!-- crudwithoutBDD.GetAllProjects -->
