<?xml version="1.0" encoding="UTF-8"?>
<!-- Generated by org.testng.reporters.JUnitReportReporter -->
<testsuite hostname="DESKTOP-DQ83L3T" failures="0" tests="1" name="com.serialization.EmployeeDetailsSerialization" time="0.175" errors="0" timestamp="2022-09-27T17:18:37 IST" skipped="0">
  <testcase classname="com.serialization.EmployeeDetailsSerialization" name="serialization" time="0.175"/>
  <system-out/>
</testsuite> <!-- com.serialization.EmployeeDetailsSerialization -->
