<?xml version="1.0" encoding="UTF-8"?>
<!-- Generated by org.testng.reporters.JUnitReportReporter -->
<testsuite hostname="DESKTOP-DQ83L3T" failures="0" tests="1" name="testcasesBDD.PostWithWrongContentType" time="2.334" errors="0" timestamp="2022-09-29T16:49:50 IST" skipped="0">
  <testcase classname="testcasesBDD.PostWithWrongContentType" name="withWrongContentType" time="2.334"/>
  <system-out/>
</testsuite> <!-- testcasesBDD.PostWithWrongContentType -->
