<?xml version="1.0" encoding="UTF-8"?>
<!-- Generated by org.testng.reporters.JUnitReportReporter -->
<testsuite hostname="DESKTOP-DQ83L3T" failures="0" tests="1" name="validation.Dynamic" time="2.354" errors="0" timestamp="2022-10-03T17:25:24 IST" skipped="0">
  <testcase classname="validation.Dynamic" name="dynamicTest" time="2.354"/>
  <system-out/>
</testsuite> <!-- validation.Dynamic -->
