<?xml version="1.0" encoding="UTF-8"?>
<!-- Generated by org.testng.reporters.JUnitReportReporter -->
<testsuite hostname="DESKTOP-DQ83L3T" failures="0" tests="1" name="crudwithBDD.GetProject" time="1.932" errors="0" timestamp="2022-09-29T13:47:31 IST" skipped="0">
  <testcase classname="crudwithBDD.GetProject" name="getProject" time="1.932"/>
  <system-out/>
</testsuite> <!-- crudwithBDD.GetProject -->
