<?xml version="1.0" encoding="UTF-8"?>
<!-- Generated by org.testng.reporters.JUnitReportReporter -->
<testsuite hostname="DESKTOP-DQ83L3T" failures="0" tests="1" name="com.deserialzation.EmployeeDetailsArrayDeserialization" time="0.190" errors="0" timestamp="2022-09-27T17:55:17 IST" skipped="0">
  <testcase classname="com.deserialzation.EmployeeDetailsArrayDeserialization" name="deserialization" time="0.190"/>
  <system-out/>
</testsuite> <!-- com.deserialzation.EmployeeDetailsArrayDeserialization -->
