<?xml version="1.0" encoding="UTF-8"?>
<!-- Generated by org.testng.reporters.JUnitReportReporter -->
<testsuite hostname="DESKTOP-DQ83L3T" failures="0" tests="1" name="testcasesBDD.GetProjectWithWrongEndPoint" time="1.833" errors="0" timestamp="2022-09-29T16:06:46 IST" skipped="0">
  <testcase classname="testcasesBDD.GetProjectWithWrongEndPoint" name="withWrongEndPoint" time="1.833"/>
  <system-out/>
</testsuite> <!-- testcasesBDD.GetProjectWithWrongEndPoint -->
