<?xml version="1.0" encoding="UTF-8"?>
<!-- Generated by org.testng.reporters.JUnitReportReporter -->
<testsuite hostname="DESKTOP-DQ83L3T" failures="0" tests="1" name="testcasesBDD.UpdateWithPartialBody" time="2.235" errors="0" timestamp="2022-09-29T16:44:06 IST" skipped="0">
  <testcase classname="testcasesBDD.UpdateWithPartialBody" name="addProject" time="2.235"/>
  <system-out/>
</testsuite> <!-- testcasesBDD.UpdateWithPartialBody -->
