<?xml version="1.0" encoding="UTF-8"?>
<!-- Generated by org.testng.reporters.JUnitReportReporter -->
<testsuite hostname="DESKTOP-DQ83L3T" failures="0" tests="1" name="testcasesBDD.AddProjectWithWrongEndPoint" time="2.380" errors="0" timestamp="2022-09-29T15:51:24 IST" skipped="0">
  <testcase classname="testcasesBDD.AddProjectWithWrongEndPoint" name="addProjectWithWrongEndPoint" time="2.380"/>
  <system-out/>
</testsuite> <!-- testcasesBDD.AddProjectWithWrongEndPoint -->
