<?xml version="1.0" encoding="UTF-8"?>
<!-- Generated by org.testng.reporters.JUnitReportReporter -->
<testsuite hostname="DESKTOP-DQ83L3T" failures="0" tests="1" name="com.deserialzation.EmployeeDetailsObjectDeserialization" time="0.207" errors="0" timestamp="2022-09-27T18:02:56 IST" skipped="0">
  <testcase classname="com.deserialzation.EmployeeDetailsObjectDeserialization" name="deserialization" time="0.207"/>
  <system-out/>
</testsuite> <!-- com.deserialzation.EmployeeDetailsObjectDeserialization -->
