<?xml version="1.0" encoding="UTF-8"?>
<!-- Generated by org.testng.reporters.JUnitReportReporter -->
<testsuite hostname="DESKTOP-DQ83L3T" failures="0" tests="1" name="crudwithBDD.DeleteProject" time="1.786" errors="0" timestamp="2022-09-29T14:57:07 IST" skipped="0">
  <testcase classname="crudwithBDD.DeleteProject" name="del" time="1.786"/>
  <system-out/>
</testsuite> <!-- crudwithBDD.DeleteProject -->
