<?xml version="1.0" encoding="UTF-8"?>
<!-- Generated by org.testng.reporters.JUnitReportReporter -->
<testsuite hostname="DESKTOP-DQ83L3T" failures="0" tests="1" name="testcasesBDD.PostWithoutBaseURI" time="2.174" errors="0" timestamp="2022-09-29T15:16:10 IST" skipped="0">
  <testcase classname="testcasesBDD.PostWithoutBaseURI" name="withoutBaseURI" time="2.174"/>
  <system-out/>
</testsuite> <!-- testcasesBDD.PostWithoutBaseURI -->
