<?xml version="1.0" encoding="UTF-8"?>
<!-- Generated by org.testng.reporters.JUnitReportReporter -->
<testsuite hostname="DESKTOP-DQ83L3T" failures="0" tests="1" name="com.serialization.EmployeeDetailsObjectArraySerialization" time="0.211" errors="0" timestamp="2022-09-27T18:09:15 IST" skipped="0">
  <testcase classname="com.serialization.EmployeeDetailsObjectArraySerialization" name="serialization" time="0.211"/>
  <system-out/>
</testsuite> <!-- com.serialization.EmployeeDetailsObjectArraySerialization -->
