<?xml version="1.0" encoding="UTF-8"?>
<!-- Generated by org.testng.reporters.JUnitReportReporter -->
<testsuite hostname="DESKTOP-DQ83L3T" failures="0" tests="1" name="authentication.Oauth2Test" time="3.923" errors="0" timestamp="2022-10-11T17:58:25 IST" skipped="0">
  <testcase classname="authentication.Oauth2Test" name="oauth" time="3.923"/>
  <system-out/>
</testsuite> <!-- authentication.Oauth2Test -->
