<?xml version="1.0" encoding="UTF-8"?>
<!-- Generated by org.testng.reporters.JUnitReportReporter -->
<testsuite hostname="DESKTOP-DQ83L3T" failures="0" tests="1" name="crudwithoutBDD.AddProject" time="2.178" errors="0" timestamp="2022-09-28T12:44:23 IST" skipped="0">
  <testcase classname="crudwithoutBDD.AddProject" name="createProjectTest" time="2.178"/>
  <system-out/>
</testsuite> <!-- crudwithoutBDD.AddProject -->
