<?xml version="1.0" encoding="UTF-8"?>
<!-- Generated by org.testng.reporters.JUnitReportReporter -->
<testsuite hostname="DESKTOP-DQ83L3T" failures="0" tests="1" name="testcasesBDD.DeleteProjectWithEndPointMismatch" time="1.761" errors="0" timestamp="2022-09-30T08:10:16 IST" skipped="0">
  <testcase classname="testcasesBDD.DeleteProjectWithEndPointMismatch" name="deleteMismatch" time="1.761"/>
  <system-out/>
</testsuite> <!-- testcasesBDD.DeleteProjectWithEndPointMismatch -->
