<?xml version="1.0" encoding="UTF-8"?>
<!-- Generated by org.testng.reporters.JUnitReportReporter -->
<testsuite hostname="DESKTOP-DQ83L3T" failures="0" tests="1" name="crudwithoutBDD.UpdateProject" time="1.842" errors="0" timestamp="2022-09-28T16:07:48 IST" skipped="0">
  <testcase classname="crudwithoutBDD.UpdateProject" name="updateProject" time="1.842"/>
  <system-out/>
</testsuite> <!-- crudwithoutBDD.UpdateProject -->
