<?xml version="1.0" encoding="UTF-8"?>
<!-- Generated by org.testng.reporters.JUnitReportReporter -->
<testsuite hostname="DESKTOP-DQ83L3T" failures="0" tests="1" name="com.deserialzation.EmployeeDetailsDeserialization" time="0.182" errors="0" timestamp="2022-09-27T17:22:21 IST" skipped="0">
  <testcase classname="com.deserialzation.EmployeeDetailsDeserialization" name="deserialization" time="0.182"/>
  <system-out/>
</testsuite> <!-- com.deserialzation.EmployeeDetailsDeserialization -->
