<?xml version="1.0" encoding="UTF-8"?>
<!-- Generated by org.testng.reporters.JUnitReportReporter -->
<testsuite hostname="DESKTOP-DQ83L3T" failures="0" tests="1" name="testcasesBDD.PostWithoutBody" time="1.906" errors="0" timestamp="2022-09-29T16:39:01 IST" skipped="0">
  <testcase classname="testcasesBDD.PostWithoutBody" name="withoutBody" time="1.906"/>
  <system-out/>
</testsuite> <!-- testcasesBDD.PostWithoutBody -->
