<?xml version="1.0" encoding="UTF-8"?>
<!-- Generated by org.testng.reporters.JUnitReportReporter -->
<testsuite hostname="DESKTOP-DQ83L3T" failures="0" tests="1" name="com.deserialzation.EmployeeDetailsObjectArrayDeserialization" time="0.269" errors="0" timestamp="2022-09-28T10:12:20 IST" skipped="0">
  <testcase classname="com.deserialzation.EmployeeDetailsObjectArrayDeserialization" name="deserialization" time="0.269"/>
  <system-out/>
</testsuite> <!-- com.deserialzation.EmployeeDetailsObjectArrayDeserialization -->
