<?xml version="1.0" encoding="UTF-8"?>
<!-- Generated by org.testng.reporters.JUnitReportReporter -->
<testsuite hostname="DESKTOP-DQ83L3T" failures="0" tests="1" name="differentformofObjects.POJOTest" time="2.166" errors="0" timestamp="2022-09-30T14:36:24 IST" skipped="0">
  <testcase classname="differentformofObjects.POJOTest" name="pojo" time="2.166"/>
  <system-out/>
</testsuite> <!-- differentformofObjects.POJOTest -->
