<?xml version="1.0" encoding="UTF-8"?>
<!-- Generated by org.testng.reporters.JUnitReportReporter -->
<testsuite hostname="DESKTOP-DQ83L3T" failures="0" tests="2" name="ddt.AddProjectUsingDataProvider" time="1.945" errors="0" timestamp="2022-10-06T10:52:28 IST" skipped="0">
  <testcase classname="ddt.AddProjectUsingDataProvider" name="addProject" time="0.027"/>
  <system-out/>
  <testcase classname="ddt.AddProjectUsingDataProvider" name="addProject" time="1.918"/>
  <system-out/>
</testsuite> <!-- ddt.AddProjectUsingDataProvider -->
