<?xml version="1.0" encoding="UTF-8"?>
<!-- Generated by org.testng.reporters.JUnitReportReporter -->
<testsuite hostname="DESKTOP-DQ83L3T" failures="0" tests="1" name="practice.AddApiTest" time="29.779" errors="0" timestamp="2022-10-11T11:49:29 IST" skipped="0">
  <testcase classname="practice.AddApiTest" name="addApi" time="29.779"/>
  <system-out/>
</testsuite> <!-- practice.AddApiTest -->
