<?xml version="1.0" encoding="UTF-8"?>
<!-- Generated by org.testng.reporters.JUnitReportReporter -->
<testsuite hostname="DESKTOP-DQ83L3T" failures="0" tests="1" name="parameter.Path" time="1.505" errors="0" timestamp="2022-10-06T12:09:28 IST" skipped="0">
  <testcase classname="parameter.Path" name="pathParameterTest" time="1.505"/>
  <system-out/>
</testsuite> <!-- parameter.Path -->
