<?xml version="1.0" encoding="UTF-8"?>
<!-- Generated by org.testng.reporters.JUnitReportReporter -->
<testsuite hostname="DESKTOP-DQ83L3T" failures="0" tests="2" name="authentication.PreemptiveAndDigestiveTest" time="1.870" errors="0" timestamp="2022-10-10T12:45:02 IST" skipped="0">
  <testcase classname="authentication.PreemptiveAndDigestiveTest" name="preemptiveTest" time="0.112"/>
  <system-out/>
  <testcase classname="authentication.PreemptiveAndDigestiveTest" name="digestiveTest" time="1.758"/>
  <system-out/>
</testsuite> <!-- authentication.PreemptiveAndDigestiveTest -->
