<?xml version="1.0" encoding="UTF-8"?>
<!-- Generated by org.testng.reporters.JUnitReportReporter -->
<testsuite hostname="DESKTOP-DQ83L3T" failures="0" tests="1" name="parameter.GithubQuery" time="0.793" errors="0" timestamp="2022-10-06T17:47:12 IST" skipped="0">
  <testcase classname="parameter.GithubQuery" name="queryParameter" time="0.793"/>
  <system-out/>
</testsuite> <!-- parameter.GithubQuery -->
