<?xml version="1.0" encoding="UTF-8"?>
<!-- Generated by org.testng.reporters.JUnitReportReporter -->
<testsuite hostname="DESKTOP-DQ83L3T" failures="0" tests="1" name="practice.AddDB" time="8.708" errors="0" timestamp="2022-10-11T13:12:09 IST" skipped="0">
  <testcase classname="practice.AddDB" name="addDB" time="8.708"/>
  <system-out/>
</testsuite> <!-- practice.AddDB -->
