<?xml version="1.0" encoding="UTF-8"?>
<!-- Generated by org.testng.reporters.JUnitReportReporter -->
<testsuite hostname="DESKTOP-DQ83L3T" failures="0" tests="1" name="differentformofObjects.HashMapTest" time="2.237" errors="0" timestamp="2022-09-30T12:54:28 IST" skipped="0">
  <testcase classname="differentformofObjects.HashMapTest" name="hashMap" time="2.237"/>
  <system-out/>
</testsuite> <!-- differentformofObjects.HashMapTest -->
