<?xml version="1.0" encoding="UTF-8"?>
<!-- Generated by org.testng.reporters.JUnitReportReporter -->
<testsuite hostname="DESKTOP-DQ83L3T" failures="0" tests="1" name="validation.StatusLineTest" time="2.440" errors="0" timestamp="2022-10-03T17:28:51 IST" skipped="0">
  <testcase classname="validation.StatusLineTest" name="statusLine" time="2.440"/>
  <system-out/>
</testsuite> <!-- validation.StatusLineTest -->
