<?xml version="1.0" encoding="UTF-8"?>
<!-- Generated by org.testng.reporters.JUnitReportReporter -->
<testsuite hostname="DESKTOP-DQ83L3T" failures="0" tests="3" name="practice.AddTest" time="7.764" errors="0" timestamp="2022-10-03T15:23:16 IST" skipped="0">
  <testcase classname="practice.AddTest" name="addTest" time="2.067"/>
  <system-out/>
  <testcase classname="practice.AddTest" name="gui" time="5.666"/>
  <system-out/>
  <testcase classname="practice.AddTest" name="dataBaseTest" time="0.031"/>
  <system-out/>
</testsuite> <!-- practice.AddTest -->
