<?xml version="1.0" encoding="UTF-8"?>
<!-- Generated by org.testng.reporters.JUnitReportReporter -->
<testsuite hostname="DESKTOP-DQ83L3T" failures="0" tests="1" name="testcasesBDD.AddProjectWithMismatchEndPoint" time="2.218" errors="0" timestamp="2022-09-29T15:56:15 IST" skipped="0">
  <testcase classname="testcasesBDD.AddProjectWithMismatchEndPoint" name="addProjectWithWrongEndPoint" time="2.218"/>
  <system-out/>
</testsuite> <!-- testcasesBDD.AddProjectWithMismatchEndPoint -->
