<?xml version="1.0" encoding="UTF-8"?>
<!-- Generated by org.testng.reporters.JUnitReportReporter -->
<testsuite hostname="DESKTOP-DQ83L3T" failures="0" tests="1" name="parameter.QueryTest" time="2.445" errors="0" timestamp="2022-10-06T13:14:39 IST" skipped="0">
  <testcase classname="parameter.QueryTest" name="queryParameterTest" time="2.445"/>
  <system-out/>
</testsuite> <!-- parameter.QueryTest -->
