<?xml version="1.0" encoding="UTF-8"?>
<!-- Generated by org.testng.reporters.JUnitReportReporter -->
<testsuite hostname="DESKTOP-DQ83L3T" failures="0" tests="1" name="validation.Static" time="2.929" errors="0" timestamp="2022-10-04T15:58:50 IST" skipped="0">
  <testcase classname="validation.Static" name="staticTest" time="2.929"/>
  <system-out/>
</testsuite> <!-- validation.Static -->
