<?xml version="1.0" encoding="UTF-8"?>
<!-- Generated by org.testng.reporters.JUnitReportReporter -->
<testsuite hostname="DESKTOP-DQ83L3T" failures="0" tests="1" name="practice.AddGUIputApiVerifyDb" time="32.205" errors="0" timestamp="2022-10-11T16:09:12 IST" skipped="0">
  <testcase classname="practice.AddGUIputApiVerifyDb" name="addProjectGUI" time="32.205"/>
  <system-out/>
</testsuite> <!-- practice.AddGUIputApiVerifyDb -->
