<?xml version="1.0" encoding="UTF-8"?>
<!-- Generated by org.testng.reporters.JUnitReportReporter -->
<testsuite hostname="DESKTOP-DQ83L3T" failures="0" tests="1" name="testcasesBDD.GetProjectWithoutEndPoint" time="1.813" errors="0" timestamp="2022-09-29T16:56:59 IST" skipped="0">
  <testcase classname="testcasesBDD.GetProjectWithoutEndPoint" name="withoutEndPoint" time="1.813"/>
  <system-out/>
</testsuite> <!-- testcasesBDD.GetProjectWithoutEndPoint -->
