<?xml version="1.0" encoding="UTF-8"?>
<!-- Generated by org.testng.reporters.JUnitReportReporter -->
<testsuite hostname="DESKTOP-DQ83L3T" failures="0" tests="1" name="practice.AddTestGUI" time="34.070" errors="0" timestamp="2022-10-11T10:58:42 IST" skipped="0">
  <testcase classname="practice.AddTestGUI" name="addProjectGUI" time="34.070"/>
  <system-out/>
</testsuite> <!-- practice.AddTestGUI -->
