<?xml version="1.0" encoding="UTF-8"?>
<!-- Generated by org.testng.reporters.JUnitReportReporter -->
<testsuite hostname="DESKTOP-DQ83L3T" failures="0" tests="1" name="testcasesBDD.AddProjectWithoutEndPoint" time="2.174" errors="0" timestamp="2022-09-29T15:46:49 IST" skipped="0">
  <testcase classname="testcasesBDD.AddProjectWithoutEndPoint" name="addProjectWithoutEndPoint" time="2.174"/>
  <system-out/>
</testsuite> <!-- testcasesBDD.AddProjectWithoutEndPoint -->
