<?xml version="1.0" encoding="UTF-8"?>
<!-- Generated by org.testng.reporters.JUnitReportReporter -->
<testsuite hostname="DESKTOP-DQ83L3T" failures="0" tests="1" name="validation.HeaderTest" time="1.764" errors="0" timestamp="2022-10-04T20:28:59 IST" skipped="0">
  <testcase classname="validation.HeaderTest" name="header" time="1.764"/>
  <system-out/>
</testsuite> <!-- validation.HeaderTest -->
