<?xml version="1.0" encoding="UTF-8"?>
<!-- Generated by org.testng.reporters.JUnitReportReporter -->
<testsuite hostname="DESKTOP-DQ83L3T" failures="0" tests="1" name="testcasesBDD.PostWithoutMandatoryField" time="2.197" errors="0" timestamp="2022-09-30T07:35:58 IST" skipped="0">
  <testcase classname="testcasesBDD.PostWithoutMandatoryField" name="withoutMandatoryField" time="2.197"/>
  <system-out/>
</testsuite> <!-- testcasesBDD.PostWithoutMandatoryField -->
