<?xml version="1.0" encoding="UTF-8"?>
<!-- Generated by org.testng.reporters.JUnitReportReporter -->
<testsuite hostname="DESKTOP-DQ83L3T" failures="0" tests="1" name="crudwithBDD.GetAllProjects" time="1.694" errors="0" timestamp="2022-09-29T14:00:47 IST" skipped="0">
  <testcase classname="crudwithBDD.GetAllProjects" name="getAllProjects" time="1.694"/>
  <system-out/>
</testsuite> <!-- crudwithBDD.GetAllProjects -->
