<?xml version="1.0" encoding="UTF-8"?>
<!-- Generated by org.testng.reporters.JUnitReportReporter -->
<testsuite hostname="DESKTOP-DQ83L3T" failures="0" tests="1" name="com.serialization.EmployeeDetailsObjectSerialization" time="0.194" errors="0" timestamp="2022-09-27T18:00:39 IST" skipped="0">
  <testcase classname="com.serialization.EmployeeDetailsObjectSerialization" name="serialization" time="0.194"/>
  <system-out/>
</testsuite> <!-- com.serialization.EmployeeDetailsObjectSerialization -->
