<?xml version="1.0" encoding="UTF-8"?>
<!-- Generated by org.testng.reporters.JUnitReportReporter -->
<testsuite hostname="DESKTOP-DQ83L3T" failures="0" tests="1" name="differentformofObjects.JSONObjectTest" time="2.202" errors="0" timestamp="2022-09-30T12:47:26 IST" skipped="0">
  <testcase classname="differentformofObjects.JSONObjectTest" name="jsonObject" time="2.202"/>
  <system-out/>
</testsuite> <!-- differentformofObjects.JSONObjectTest -->
